<?xml version="1.0" encoding="UTF-8"?>
<!-- Generated by org.testng.reporters.JUnitReportReporter -->
<testsuite skipped="0" hostname="USER-PC" name="in.docsapp.tests.Case_01_Test" tests="1" failures="0" timestamp="03 Mar 2018 19:37:34 GMT" time="88.647" errors="0">
  <testcase name="testVerifyCaseAsOps" time="88.647" classname="in.docsapp.tests.Case_01_Test"/>
</testsuite> <!-- in.docsapp.tests.Case_01_Test -->
