<?xml version="1.0" encoding="UTF-8"?>
<!-- Generated by org.testng.reporters.JUnitReportReporter -->
<testsuite skipped="0" hostname="TYSS-MF-034" name="in.docsapp.tests.Case_01_Test" tests="2" failures="0" timestamp="02 Mar 2018 15:33:02 GMT" time="42.585" errors="0">
  <testcase name="testDiagnoseCaseAsDoctor" time="18.691" classname="in.docsapp.tests.Case_01_Test"/>
  <testcase name="testAddandAssignNewCase" time="23.894" classname="in.docsapp.tests.Case_01_Test"/>
</testsuite> <!-- in.docsapp.tests.Case_01_Test -->
