<?xml version="1.0" encoding="UTF-8"?>
<!-- Generated by org.testng.reporters.JUnitReportReporter -->
<testsuite skipped="0" hostname="TYSS-MF-034" name="in.docsapp.tests.AddNewCaseTest" tests="1" failures="0" timestamp="02 Mar 2018 13:36:06 GMT" time="19.182" errors="0">
  <testcase name="testAddNewCase" time="19.182" classname="in.docsapp.tests.AddNewCaseTest"/>
</testsuite> <!-- in.docsapp.tests.AddNewCaseTest -->
