<?xml version="1.0" encoding="UTF-8"?>
<!-- Generated by org.testng.reporters.JUnitReportReporter -->
<testsuite skipped="0" hostname="TYSS-MF-034" name="in.docsapp.tests.MaxLifeCaseTest" tests="1" failures="0" timestamp="05 Mar 2018 11:15:20 GMT" time="136.595" errors="0">
  <testcase name="createDiagnoseVerifyMaxLifeCase" time="136.595" classname="in.docsapp.tests.MaxLifeCaseTest"/>
</testsuite> <!-- in.docsapp.tests.MaxLifeCaseTest -->
