<?xml version="1.0" encoding="UTF-8"?>
<!-- Generated by org.testng.reporters.JUnitReportReporter -->
<testsuite skipped="0" hostname="TYSS-MF-034" name="in.docsapp.tests.SampleTest" tests="1" failures="0" timestamp="02 Mar 2018 10:27:09 GMT" time="0.507" errors="0">
  <testcase name="main" time="0.507" classname="in.docsapp.tests.SampleTest"/>
</testsuite> <!-- in.docsapp.tests.SampleTest -->
